4784
24 188 27 190
223 114 224 117
38 64 39 67
166 26 169 27
156 180 157 185
107 75 108 79
169 74 169 83
191 142 191 151
164 31 166 34
18 52 23 53
181 148 183 151
184 197 186 199
41 131 42 134
82 58 82 69
188 85 190 88
248 35 248 42
195 153 196 156
241 152 241 162
239 19 241 22
70 118 79 118
104 160 111 160
196 75 199 76
169 158 169 166
234 128 241 128
139 165 140 170
136 42 139 43
167 53 168 56
61 184 63 187
197 164 201 165
161 38 164 39
204 111 207 113
107 184 111 185
0 144 0 152
17 108 24 108
212 0 214 3
203 12 206 13
157 151 158 154
7 156 8 160
10 40 18 40
72 18 83 18
233 194 241 194
233 151 238 152
127 83 128 87
122 114 123 117
148 191 149 194
182 42 182 53
38 127 38 136
183 171 183 179
63 170 65 173
6 75 7 79
86 169 86 180
159 25 169 25
176 132 179 133
10 130 10 137
72 83 72 92
151 119 152 122
182 26 183 30
197 147 199 150
3 109 6 110
173 73 177 74
147 110 148 113
104 55 105 58
239 181 246 181
216 171 223 171
94 48 94 59
78 3 82 4
39 135 39 142
51 98 52 101
188 158 188 168
119 44 119 55
179 59 179 69
239 146 244 147
151 44 151 51
105 30 110 31
207 161 208 165
51 116 52 120
228 73 228 81
42 156 43 160
97 115 97 126
68 1 68 8
246 86 247 91
66 166 74 166
38 197 45 197
242 2 242 11
34 128 36 131
71 161 72 165
169 175 169 186
211 150 214 152
25 29 27 32
152 24 153 27
86 133 89 135
8 161 8 171
96 0 97 3
183 70 184 74
243 85 244 88
19 7 20 11
66 117 66 124
2 186 3 191
109 33 109 40
212 121 212 128
144 181 145 186
89 43 92 44
130 77 139 77
175 14 178 15
169 66 169 73
188 36 193 37
35 43 36 47
226 4 227 9
79 58 80 63
200 66 201 71
96 147 98 150
39 155 48 155
178 44 178 52
210 34 211 37
75 150 78 152
186 99 189 100
229 43 231 46
88 84 89 87
159 108 161 111
152 100 160 100
244 154 248 155
40 78 41 81
187 24 188 27
81 155 83 158
128 191 131 192
36 87 37 91
61 65 62 68
204 166 208 167
79 188 79 195
66 173 67 177
106 123 109 124
244 127 247 129
39 161 43 162
113 162 113 170
95 85 95 92
134 85 135 89
173 177 173 184
165 131 166 136
167 81 168 84
28 188 31 190
173 56 173 64
75 105 85 105
159 98 170 98
81 110 82 113
206 52 206 59
216 158 218 160
80 168 81 171
245 59 249 60
45 26 45 37
209 90 212 92
16 22 27 22
142 93 144 96
236 110 237 115
179 172 179 179
237 135 240 136
166 0 167 3
80 193 84 194
33 0 44 0
240 165 240 173
103 72 108 73
219 132 220 137
179 126 180 130
161 188 162 191
245 116 245 124
75 103 79 104
18 7 18 18
6 149 6 156
41 190 48 190
83 96 84 99
0 87 0 98
167 89 169 92
187 12 191 13
104 108 108 109
33 137 38 138
97 43 98 48
176 20 176 30
143 154 147 155
149 2 152 3
2 176 2 185
76 10 86 10
181 94 182 97
99 132 100 135
17 56 21 57
249 179 249 190
114 18 119 19
78 74 85 74
239 174 244 175
32 160 35 162
41 119 41 130
63 153 64 156
32 13 42 13
68 122 69 126
159 44 160 48
14 83 17 84
227 95 228 99
108 125 113 126
235 129 235 140
67 162 68 165
70 117 80 117
44 179 54 179
207 12 210 13
11 156 12 160
219 92 224 93
49 103 50 106
51 134 53 137
19 174 20 178
210 135 211 140
2 21 11 21
159 102 167 102
238 144 247 144
188 39 190 42
72 93 75 94
8 147 16 147
14 101 25 101
110 21 110 29
238 23 239 26
67 31 69 34
133 85 133 96
139 8 139 15
200 94 201 99
101 151 106 152
81 36 82 39
126 147 131 148
85 45 86 48
153 131 156 133
147 137 148 142
218 105 222 106
12 164 21 164
115 149 116 153
156 22 156 31
189 0 189 7
73 100 73 108
45 57 46 60
104 25 104 35
169 9 169 19
165 123 166 126
83 161 84 164
127 37 128 41
47 41 47 50
191 125 191 132
31 146 32 149
29 193 34 194
42 109 45 110
187 70 188 74
69 6 69 17
208 178 209 181
37 139 37 148
115 25 120 26
16 189 19 191
184 104 187 105
173 166 177 167
160 197 164 198
183 125 183 133
247 10 247 17
13 151 13 158
161 11 162 16
134 113 135 117
157 113 159 116
66 52 68 55
210 199 221 199
203 188 203 197
171 13 171 24
213 126 213 137
73 16 84 16
232 18 232 25
17 25 24 25
94 32 94 39
156 32 158 35
102 125 103 128
193 129 193 137
249 153 249 161
202 89 202 97
17 104 19 107
138 112 140 115
63 4 63 11
120 53 122 56
35 6 45 6
179 154 180 158
213 17 213 24
4 117 14 117
122 31 123 34
119 0 120 5
240 8 241 13
132 191 135 192
130 74 134 75
140 33 140 41
165 104 166 108
210 197 215 198
34 11 42 11
21 42 29 42
32 87 33 92
227 11 229 14
233 32 233 43
99 55 99 66
232 195 233 198
41 19 43 22
43 136 44 139
173 29 173 36
54 99 57 100
73 83 74 86
206 118 207 121
153 196 156 198
217 62 217 71
23 124 28 125
141 29 141 40
182 100 183 105
214 161 218 162
173 112 175 115
59 172 60 175
82 79 83 84
137 150 141 151
233 6 235 9
216 167 218 170
95 159 97 162
48 77 58 77
50 91 51 95
40 66 40 77
149 77 149 84
162 0 163 4
154 139 155 144
201 110 201 118
63 24 72 24
249 116 249 124
205 101 205 108
44 41 45 44
128 145 131 146
215 75 215 86
54 118 55 123
202 106 202 117
179 135 180 140
134 46 138 47
160 116 161 120
186 175 187 178
56 68 57 71
26 7 30 8
16 54 24 54
153 2 156 3
177 94 178 98
147 8 148 12
189 121 190 125
22 55 22 63
3 111 4 114
50 36 51 39
225 115 230 116
146 195 148 198
160 78 163 79
159 53 160 58
183 135 183 142
24 80 33 80
205 64 205 71
107 149 109 152
31 174 32 177
155 6 158 8
86 151 86 162
214 135 215 140
112 194 113 197
237 72 238 75
161 178 162 183
103 95 104 98
178 63 178 71
165 48 166 53
128 125 128 136
234 69 234 76
208 131 208 138
78 24 78 31
96 119 96 128
103 159 103 166
46 24 46 35
87 2 87 10
232 0 233 4
115 147 119 148
214 62 215 65
161 121 161 131
172 13 172 20
81 95 88 95
41 178 42 181
87 196 90 198
9 0 14 1
59 23 59 30
63 32 63 39
241 117 242 122
117 82 125 82
240 25 244 26
131 19 132 22
104 173 104 184
18 3 26 3
94 4 96 7
183 52 184 56
72 75 74 78
185 175 185 185
15 183 15 191
111 7 116 8
217 54 217 61
58 99 58 107
142 104 143 107
55 87 58 89
61 102 62 106
114 49 116 52
226 122 231 123
192 27 197 28
165 150 166 155
204 121 204 130
197 63 197 73
166 156 166 165
138 95 139 98
188 121 188 132
132 176 140 176
7 80 7 91
197 47 198 50
87 194 92 195
164 115 164 123
11 89 11 100
229 189 234 190
14 192 19 193
77 156 78 161
23 195 31 195
43 172 45 175
171 5 182 5
179 152 183 153
84 75 85 79
232 166 232 174
18 26 18 37
103 176 103 186
129 29 134 30
77 153 82 154
102 45 109 45
204 2 205 6
59 180 62 181
27 155 27 162
93 99 93 107
136 108 137 113
109 78 113 79
104 120 105 124
172 187 172 198
32 50 34 53
151 91 151 98
216 29 217 33
103 21 104 24
208 61 215 61
97 145 100 146
49 28 51 31
4 116 15 116
124 8 125 11
130 187 132 190
92 108 97 109
104 138 105 143
180 50 181 54
95 39 96 44
61 8 61 17
199 12 199 22
110 122 114 123
195 143 198 144
187 142 187 153
204 86 205 89
109 155 110 158
231 48 231 56
124 90 124 98
225 73 226 76
84 177 85 181
64 75 64 84
197 110 197 119
241 179 246 180
171 80 173 83
235 39 235 46
158 83 161 84
32 41 33 46
65 158 66 161
198 28 206 28
96 111 96 118
179 70 182 71
234 97 234 104
28 29 33 30
212 112 214 115
167 190 171 191
155 63 155 70
209 17 212 18
125 116 125 123
117 134 117 143
194 166 203 166
152 32 152 41
169 196 171 199
173 38 176 39
165 38 168 40
99 11 100 16
57 138 60 140
98 69 99 74
127 195 128 199
120 44 120 52
113 127 114 130
244 45 246 48
75 180 76 184
126 121 130 122
180 114 183 115
12 41 12 51
109 47 116 47
163 93 171 93
2 140 5 141
44 63 51 63
114 188 117 189
194 172 198 173
45 195 48 196
90 117 91 120
198 192 199 197
28 96 31 98
217 155 220 157
110 57 110 68
14 167 17 168
143 17 143 25
144 134 144 144
59 89 60 92
79 151 82 152
142 11 143 15
90 135 91 139
152 171 155 173
128 100 129 104
65 129 67 132
49 187 50 190
217 120 218 123
223 160 225 163
21 132 23 135
54 24 58 25
233 173 236 174
199 95 199 106
6 18 10 19
68 196 70 199
60 150 63 151
42 119 44 122
90 11 95 12
127 176 128 181
161 160 161 167
74 44 75 47
40 106 41 110
138 60 146 60
30 21 38 21
14 75 14 82
100 0 101 4
139 46 140 50
100 157 101 162
87 188 88 193
242 152 243 157
178 110 179 115
191 79 192 84
58 145 61 147
212 66 213 71
200 36 205 37
19 80 19 90
6 130 9 132
118 39 121 41
75 122 75 133
55 107 55 114
232 157 232 165
188 199 197 199
43 188 48 189
164 143 167 144
107 140 107 148
119 149 119 156
108 8 110 11
248 6 248 17
129 23 130 28
89 17 90 21
197 185 199 188
172 75 177 76
77 119 79 122
207 76 207 87
98 59 98 68
149 68 150 73
158 139 160 142
244 27 244 34
63 97 64 102
204 0 208 1
88 121 88 128
63 180 66 181
36 24 45 24
124 154 124 164
132 62 134 65
5 171 6 175
218 172 220 175
180 57 180 68
53 10 55 12
188 197 191 198
117 126 117 133
200 2 201 7
18 51 25 51
130 67 131 72
176 171 177 175
199 60 200 65
92 27 92 36
132 52 135 54
182 82 183 87
51 154 52 158
90 61 91 65
127 100 127 111
66 22 71 23
35 108 37 111
11 148 12 151
77 110 78 115
109 181 112 183
103 187 104 192
60 39 60 47
85 110 86 114
58 73 59 76
120 137 122 140
107 168 109 171
43 151 48 152
196 59 197 62
145 50 145 57
227 105 228 109
21 83 26 84
99 140 102 142
81 91 83 94
239 150 240 155
21 30 24 31
29 76 31 79
152 126 152 133
183 154 183 161
111 148 111 158
111 10 114 11
102 31 102 40
218 24 219 29
73 167 74 170
2 57 4 60
237 155 237 162
2 149 2 158
168 162 168 169
78 100 87 100
34 185 34 192
166 109 166 120
223 66 227 67
12 53 13 56
27 145 27 154
237 34 237 42
170 100 170 110
163 8 164 11
8 26 17 26
61 120 64 121
193 23 200 23
183 117 183 124
137 78 139 81
167 192 168 197
8 77 13 78
118 69 119 72
65 147 68 149
49 140 49 147
186 120 187 123
29 150 32 151
118 133 118 140
130 160 130 167
87 76 98 76
61 138 72 138
89 25 89 34
37 149 37 158
63 87 63 96
171 6 174 7
174 129 175 134
83 14 92 14
76 75 79 76
224 149 224 156
29 107 37 107
138 149 149 149
216 149 216 157
215 143 216 147
177 178 178 182
58 154 58 164
52 72 59 72
193 121 193 128
174 91 177 93
131 174 131 185
82 126 83 131
108 110 108 118
152 58 157 59
205 109 209 110
21 151 22 156
76 122 76 129
89 95 96 95
189 167 192 168
221 120 222 123
94 14 95 19
80 131 80 138
223 72 230 72
120 35 123 36
190 126 190 137
88 149 88 156
69 58 77 58
242 32 242 39
129 117 130 120
156 15 157 19
158 0 161 1
181 57 181 64
142 150 142 157
100 41 107 41
220 57 221 61
87 179 88 184
125 126 126 130
199 134 199 142
206 128 207 131
193 159 194 162
159 99 170 99
191 67 196 68
110 116 111 119
102 116 103 120
138 20 138 28
36 67 36 78
60 21 61 26
210 155 211 159
106 32 106 39
201 56 202 60
126 186 126 197
189 47 190 52
147 17 150 18
94 23 94 31
137 4 139 7
215 164 223 164
201 138 201 147
29 57 29 66
145 22 147 25
36 51 37 55
219 130 224 131
61 168 62 171
195 145 196 148
98 87 101 89
242 138 249 138
156 117 157 121
183 61 183 69
136 154 136 163
235 141 237 144
212 187 212 194
43 134 47 135
135 9 136 14
95 142 96 146
191 30 196 31
38 176 39 180
47 14 58 14
35 34 35 42
65 120 65 128
55 154 56 158
125 14 125 22
103 71 110 71
100 55 103 56
44 180 54 180
211 78 212 83
202 146 202 153
245 145 247 148
20 167 27 167
108 91 111 93
97 35 97 42
125 189 125 199
140 183 141 187
207 152 210 153
174 0 175 4
135 93 136 97
2 22 11 22
42 147 45 148
3 15 8 16
205 18 207 21
90 110 98 110
115 10 118 11
159 103 167 103
209 55 210 60
184 21 187 23
129 182 130 185
21 143 22 146
4 26 5 29
12 183 13 186
140 16 150 16
86 163 87 168
87 169 87 178
25 48 36 48
133 134 133 142
123 150 124 153
131 3 139 3
116 156 116 164
96 166 99 168
56 49 58 52
96 26 96 37
56 21 59 22
100 174 100 185
170 0 170 7
0 153 0 164
158 130 158 138
178 75 187 75
41 85 42 90
212 49 213 52
208 108 215 108
210 24 210 33
52 159 56 160
98 151 98 162
80 75 83 76
110 50 112 53
144 80 144 88
25 10 25 21
76 84 79 86
179 14 179 24
146 123 147 126
14 177 16 180
43 192 44 196
82 163 82 171
75 142 78 144
167 110 168 113
120 71 124 72
153 95 156 97
116 101 116 108
3 72 7 73
216 19 216 28
73 157 74 162
199 41 199 50
41 176 45 177
142 147 147 148
237 6 237 15
209 84 210 87
158 75 158 82
140 91 141 94
68 113 68 121
170 56 171 60
64 141 67 142
248 166 249 171
115 24 122 24
191 43 192 47
46 110 48 113
25 105 35 105
4 125 4 136
180 40 180 49
73 119 76 121
168 154 169 157
245 165 246 168
87 59 87 66
212 37 216 38
107 14 115 14
60 115 61 118
238 153 238 160
9 60 10 64
245 61 248 63
96 130 97 135
151 194 152 198
96 176 96 184
167 73 168 76
239 107 247 107
74 173 76 176
29 87 30 90
53 0 53 9
65 134 72 134
229 90 229 99
91 179 92 184
5 66 10 67
61 157 61 166
112 91 112 100
3 74 3 81
218 32 222 33
221 48 229 48
48 78 58 78
26 53 31 54
84 169 85 172
17 179 20 180
159 192 162 194
101 26 102 30
131 76 140 76
200 123 201 128
72 150 74 153
172 142 172 152
194 194 195 197
15 27 17 29
1 144 2 148
170 37 171 42
232 186 242 186
136 192 138 195
238 88 239 93
5 31 16 31
38 44 38 55
103 133 104 136
144 6 144 14
28 39 33 40
33 93 33 104
203 172 204 176
170 137 170 148
240 195 241 199
49 111 49 121
173 187 176 188
170 77 178 77
2 5 10 5
51 43 51 50
243 0 243 11
9 124 12 125
53 138 53 149
129 107 130 112
67 154 68 157
153 11 157 12
167 118 167 126
184 161 186 164
112 54 112 63
223 68 225 71
56 188 59 189
246 50 249 51
19 183 30 183
128 137 130 140
101 174 101 181
23 36 24 40
27 91 27 98
218 6 219 11
217 92 217 99
54 54 56 57
238 40 242 41
203 117 204 120
100 65 101 70
234 88 234 96
152 163 155 164
55 90 56 93
65 60 72 60
109 108 112 109
208 76 210 79
197 103 198 107
37 170 38 173
1 69 4 70
8 8 17 8
99 123 100 128
170 66 171 69
24 87 28 88
45 49 46 52
178 84 179 87
201 23 208 23
233 61 233 72
177 116 185 116
187 44 188 47
155 91 158 92
33 169 35 172
231 109 238 109
91 189 92 193
112 158 113 161
245 193 246 196
164 173 165 176
235 30 238 31
116 28 117 31
43 26 44 29
60 4 61 7
179 145 182 146
121 4 125 5
29 10 29 21
211 166 218 166
113 108 115 111
121 154 122 159
15 92 25 92
124 185 125 188
215 125 216 129
51 165 60 165
222 44 223 47
163 128 164 133
34 148 34 156
247 179 248 182
227 170 228 175
209 93 210 97
196 124 197 128
228 37 228 46
235 177 239 178
89 45 90 50
31 101 32 104
212 177 223 177
82 174 83 177
104 103 105 106
226 86 231 87
155 37 156 40
153 151 153 160
198 110 199 114
172 172 173 176
116 16 120 17
212 39 213 44
108 41 115 41
223 13 223 20
50 65 51 68
34 65 35 70
180 190 181 194
245 25 247 28
121 60 121 70
189 29 190 34
153 178 157 179
207 188 207 199
132 45 133 49
159 26 162 27
118 141 122 142
128 54 129 59
109 17 110 20
3 148 5 151
76 39 77 44
169 50 170 53
40 198 51 198
100 57 101 60
229 101 230 105
193 138 193 149
132 146 135 147
45 122 47 125
19 184 21 187
234 153 237 154
223 25 231 25
86 71 86 78
241 110 242 113
87 31 87 39
59 127 60 130
228 27 232 28
199 30 204 31
184 30 188 31
224 168 225 173
13 124 16 125
96 45 96 56
94 93 101 93
188 178 192 179
51 6 52 11
209 19 210 23
146 1 146 10
86 83 94 83
248 65 249 69
119 168 121 171
201 158 202 163
135 82 139 83
40 144 41 148
157 50 157 57
190 0 191 3
226 126 228 129
144 99 144 107
223 31 226 32
234 61 234 68
173 40 174 44
44 64 51 64
227 162 228 165
47 184 56 184
73 65 73 72
62 174 65 175
208 2 208 10
116 185 118 187
0 174 1 179
145 61 146 64
219 169 223 170
163 138 164 142
171 138 172 141
248 183 248 194
31 60 36 61
217 138 220 139
33 177 37 178
69 74 69 82
93 71 97 72
173 140 173 150
184 125 185 129
97 55 98 58
176 189 176 198
111 30 111 37
93 64 94 68
156 41 156 52
188 180 188 187
139 29 140 32
126 60 127 63
105 91 106 95
56 2 56 12
70 175 71 178
184 87 187 88
34 92 37 94
183 94 190 94
156 171 160 172
227 31 229 34
206 33 206 44
196 95 196 104
130 51 139 51
158 9 158 19
208 169 210 172
48 32 48 39
239 30 242 31
224 122 224 129
179 25 181 28
110 4 113 5
120 192 124 193
238 5 239 10
148 89 148 98
192 104 192 114
84 84 87 86
143 46 145 49
218 60 218 71
0 30 7 30
248 112 249 115
35 7 37 10
245 70 249 71
173 18 178 19
185 48 186 53
85 55 85 62
223 2 227 3
43 164 45 167
132 55 133 58
76 95 76 102
4 118 6 121
163 26 163 34
54 127 58 128
183 192 183 199
147 26 147 36
206 81 206 89
106 135 107 139
84 67 85 71
8 13 13 14
244 0 245 5
83 32 83 39
59 33 62 34
139 199 146 199
237 163 237 174
112 112 113 115
145 143 148 144
132 174 135 175
88 140 88 148
54 82 57 83
148 99 150 102
164 145 165 149
106 96 106 106
75 69 78 70
48 60 50 62
107 186 111 187
237 137 239 140
104 127 109 128
128 9 129 12
208 104 211 105
124 175 125 180
3 10 4 14
90 126 90 134
244 66 245 69
30 130 33 131
94 153 94 162
128 17 130 20
106 116 107 121
114 23 114 30
21 41 31 41
177 59 178 62
0 166 1 169
1 33 1 40
141 97 144 98
28 135 30 138
17 144 18 147
147 37 147 44
161 170 163 173
12 88 12 99
136 146 139 147
193 95 194 98
48 69 49 74
176 99 185 99
133 126 133 133
102 69 113 69
236 47 237 52
69 167 71 170
204 180 205 183
196 180 197 184
48 170 51 172
133 70 135 73
37 68 38 72
205 122 206 125
84 132 85 136
111 94 111 103
0 17 10 17
1 71 2 74
79 42 80 46
219 13 222 14
61 122 62 126
175 16 178 17
209 0 211 3
220 95 221 99
22 76 23 80
118 189 121 190
220 77 221 80
154 46 154 57
28 69 28 79
95 96 96 101
166 73 166 84
29 152 30 156
229 73 230 78
9 122 14 123
219 143 221 146
177 141 180 142
181 168 184 170
114 42 115 46
118 33 119 36
6 20 17 20
85 27 87 30
78 184 79 187
161 152 161 159
216 188 217 192
178 91 182 92
67 107 69 110
103 15 111 15
239 109 246 109
153 13 153 21
74 193 75 197
49 122 49 130
23 184 23 192
157 40 157 49
174 176 177 177
224 49 225 52
156 145 158 148
79 159 84 160
90 97 94 98
183 14 183 25
198 40 205 40
197 30 198 33
176 107 176 114
232 103 233 108
4 183 4 191
177 21 178 26
76 47 80 48
158 187 158 194
33 31 33 38
38 139 38 147
21 87 23 90
208 115 209 118
187 192 187 199
158 159 159 164
235 63 242 63
131 104 132 107
245 183 247 186
154 75 154 84
53 176 57 177
122 169 126 170
193 0 193 10
143 156 147 157
248 0 249 5
170 111 170 120
129 81 130 84
119 57 122 58
117 118 117 125
175 98 175 109
226 15 229 16
221 64 224 65
19 46 29 46
115 170 116 173
149 21 149 32
233 179 240 179
3 8 7 9
97 111 98 114
46 102 46 109
7 149 8 153
0 63 2 66
44 181 54 181
241 165 242 170
120 18 121 23
240 66 241 70
178 165 178 176
71 52 72 56
112 101 115 103
120 101 123 102
191 100 192 103
108 196 109 199
116 109 116 120
148 63 149 67
125 35 126 38
191 29 198 29
104 112 104 119
190 19 191 22
164 81 165 84
234 163 236 166
7 121 17 121
143 112 144 116
108 57 109 60
120 118 120 129
173 66 177 67
181 123 181 130
87 106 88 111
40 42 41 47
118 131 123 132
42 26 42 37
225 177 234 177
197 95 198 98
65 84 65 92
25 49 36 49
76 87 77 90
7 119 11 120
145 80 146 83
220 48 220 56
188 60 188 67
33 14 42 14
155 101 158 102
238 161 238 172
25 186 30 187
103 0 108 1
136 17 137 22
213 167 214 172
211 4 214 6
79 40 83 41
200 41 201 45
246 6 247 9
225 37 226 41
8 112 16 112
152 81 152 88
244 156 244 167
206 157 207 160
139 130 139 138
247 187 247 196
116 177 117 180
0 184 0 191
15 102 25 102
122 78 124 81
57 94 59 97
48 134 50 137
147 166 147 175
82 11 89 11
220 101 225 102
42 112 43 116
222 54 223 57
18 20 21 21
168 61 170 64
26 177 29 178
113 100 123 100
127 187 127 194
11 130 11 137
234 81 235 84
157 95 161 96
34 37 34 46
169 131 169 142
64 31 66 34
243 59 244 63
189 187 191 190
70 182 74 183
205 140 205 147
30 57 40 57
68 40 70 43
31 111 32 114
165 88 166 91
184 171 184 179
116 167 126 167
202 7 205 9
74 191 78 192
54 129 56 132
238 15 238 22
54 101 57 102
176 8 184 8
33 132 36 134
137 127 138 130
245 52 249 53
13 173 22 173
188 35 196 35
129 127 130 131
228 67 229 71
107 180 108 183
57 57 59 60
142 3 142 10
142 21 142 29
99 170 101 173
185 76 185 84
63 108 63 115
136 64 137 68
149 33 150 37
112 0 114 3
99 31 101 34
107 188 109 191
126 39 126 50
7 38 8 42
67 117 67 124
101 9 102 12
180 162 183 163
228 186 231 188
204 97 205 100
135 104 136 107
184 134 184 142
165 115 165 122
229 127 229 138
231 184 238 184
45 192 52 192
63 52 65 55
134 48 138 49
194 56 195 59
168 182 168 189
117 113 124 113
133 81 134 84
45 18 50 19
96 91 101 92
47 128 48 132
107 161 108 165
74 26 75 31
225 64 228 65
2 6 10 6
184 15 185 18
170 78 178 78
202 138 202 145
83 87 86 89
201 11 202 15
129 172 129 181
173 49 176 50
58 81 62 82
161 144 162 147
86 136 89 137
155 146 155 157
170 29 170 36
210 100 212 103
71 107 71 115
80 85 80 94
31 19 40 19
40 65 47 65
20 81 30 81
52 198 63 198
148 118 148 126
138 159 142 160
77 20 78 23
69 66 69 73
9 176 16 176
104 107 111 107
105 153 110 154
230 6 232 9
99 106 100 110
34 29 34 36
65 75 65 83
10 187 13 189
198 10 207 10
133 108 133 115
8 9 17 9
123 37 123 48
246 116 246 124
221 157 224 158
65 1 67 4
4 165 6 168
62 28 63 31
54 28 55 32
195 63 196 66
41 23 50 23
75 61 75 68
245 100 247 103
3 176 3 185
57 141 57 148
204 41 205 45
236 129 236 140
153 125 154 130
242 127 243 130
9 135 9 142
135 38 137 41
25 107 26 110
15 93 25 93
14 169 16 172
226 124 231 125
51 166 60 166
234 3 239 4
202 164 206 165
191 87 196 88
147 176 150 177
85 19 86 23
150 21 151 26
172 153 172 162
120 74 121 79
22 177 25 179
242 21 247 22
16 183 17 188
111 86 113 89
188 18 195 18
59 99 60 104
172 86 177 87
141 107 141 115
158 178 159 183
71 126 72 131
3 47 5 50
143 150 144 153
228 57 231 58
178 73 182 74
87 51 87 58
110 144 112 147
157 22 157 31
64 116 65 119
152 71 152 80
121 118 122 123
109 174 112 175
170 9 170 19
185 142 186 146
244 76 245 79
49 2 52 3
105 182 105 193
9 42 11 45
99 189 100 194
91 4 93 7
67 44 68 47
236 94 237 99
46 75 47 79
231 175 238 175
70 7 73 9
104 84 107 85
17 171 20 172
170 150 171 154
163 156 163 165
111 188 113 191
240 49 249 49
131 11 131 18
213 84 214 89
103 2 103 12
114 33 114 40
65 185 69 186
45 12 46 17
96 85 97 90
84 141 87 142
19 157 22 158
219 77 219 88
47 165 47 172
70 119 72 122
94 165 95 168
98 35 99 38
145 134 156 134
180 79 180 87
192 49 196 50
192 198 203 198
105 129 106 133
212 104 215 106
146 160 149 161
170 159 170 166
49 151 49 158
30 121 33 123
96 151 97 154
195 109 196 113
17 91 25 91
159 8 162 10
170 131 171 136
174 29 174 36
155 103 156 106
140 17 142 20
156 109 156 116
2 31 4 34
0 0 1 3
2 142 5 143
1 117 2 122
199 29 206 29
86 128 87 132
140 42 145 43
184 108 185 111
235 59 238 60
151 176 151 184
194 167 195 171
134 45 141 45
2 159 2 170
214 176 223 176
177 40 179 43
221 9 224 10
235 67 239 68
150 77 150 84
78 72 81 73
149 89 150 93
129 198 134 199
112 148 112 157
102 42 113 42
43 88 48 89
54 26 58 27
204 14 205 17
158 67 159 72
237 45 240 46
61 77 62 80
206 70 211 71
113 17 113 24
152 63 152 70
23 55 23 63
56 190 56 197
19 111 21 114
238 142 243 143
214 157 215 160
28 139 36 139
93 149 94 152
185 170 186 174
207 149 214 149
236 86 237 89
39 156 41 159
43 100 43 108
133 16 134 20
61 57 64 58
3 65 14 65
241 45 243 48
217 85 218 88
30 10 30 19
102 145 103 150
205 76 206 80
12 137 14 140
3 38 5 41
74 9 75 12
54 0 55 5
59 183 69 183
210 109 210 118
19 148 19 156
47 24 47 35
97 27 99 30
88 2 88 10
103 153 104 156
180 164 181 167
40 135 40 143
107 57 107 68
222 26 232 26
47 15 51 16
209 47 212 48
69 179 78 179
240 83 244 84
18 132 20 135
108 94 110 96
77 1 77 8
94 79 98 80
120 149 121 153
201 169 202 173
145 191 145 198
5 135 8 136
125 90 127 93
89 167 89 174
4 156 4 164
89 121 90 125
80 143 81 146
147 1 157 1
120 28 121 33
25 69 27 72
163 166 166 167
118 126 119 130
247 29 247 40
90 25 93 26
89 0 90 5
1 109 2 112
230 156 231 159
38 148 38 158
174 57 174 64
7 174 12 175
137 89 140 90
153 106 153 115
48 98 48 105
220 183 227 183
101 110 104 111
222 136 225 138
132 156 135 158
59 153 59 164
125 113 132 113
86 63 86 70
215 43 216 47
61 39 62 44
167 158 168 161
31 156 31 165
90 165 91 169
161 100 169 100
138 161 140 164
19 26 19 37
170 86 171 89
94 99 94 107
7 122 8 126
194 185 196 188
71 146 72 149
58 63 62 64
71 71 71 78
221 194 232 194
25 143 28 144
191 91 192 95
32 82 41 82
109 129 110 133
27 10 28 13
0 26 3 28
228 113 231 114
221 159 222 162
176 115 176 126
87 78 98 78
102 153 102 163
76 77 79 78
139 122 139 129
173 14 174 17
148 0 157 0
195 118 196 123
124 100 124 111
244 149 247 150
70 101 71 106
108 12 117 12
185 59 186 63
159 121 160 125
227 154 228 157
88 104 91 105
212 179 215 180
238 34 239 39
188 108 189 111
175 139 176 142
239 59 242 60
93 177 94 180
122 60 125 61
191 192 194 193
111 22 111 29
61 85 64 86
232 113 234 116
192 117 193 120
179 148 180 151
52 125 55 126
248 20 249 24
168 43 171 44
106 25 107 29
43 7 43 16
0 24 5 25
11 197 20 197
63 16 63 23
82 72 85 73
68 189 70 192
141 126 141 134
236 39 236 46
245 110 246 115
162 49 163 53
15 103 16 107
195 45 196 48
235 69 236 74
139 21 140 24
206 146 206 156
203 97 203 108
118 191 119 195
176 79 179 81
85 0 88 1
205 168 205 176
236 75 236 84
193 178 196 179
103 16 111 16
44 15 44 22
18 77 18 84
36 154 36 162
33 142 36 144
207 72 208 75
48 24 48 31
231 160 231 171
119 95 122 96
217 149 218 154
155 75 156 79
201 75 204 77
5 80 6 85
5 126 5 134
53 58 55 61
14 151 16 154
87 42 88 47
16 129 17 132
133 7 134 11
45 22 55 22
38 76 39 80
46 197 55 197
7 187 8 191
124 47 125 51
136 177 145 177
245 156 248 157
18 149 18 160
147 19 150 20
140 65 141 68
127 96 128 99
47 51 52 52
36 35 37 38
117 55 118 58
144 17 144 25
199 156 200 159
151 11 152 14
174 103 174 111
161 134 161 142
147 2 148 5
114 21 119 22
164 44 164 51
141 4 141 15
192 60 195 61
224 13 225 16
180 16 181 19
76 20 76 31
130 143 133 144
99 78 99 86
2 76 2 87
137 118 138 122
57 2 60 3
65 48 67 51
162 160 162 167
165 58 165 69
95 106 98 107
119 105 119 112
197 151 198 155
39 92 49 92
225 196 226 199
146 68 148 71
199 119 200 122
49 131 53 132
249 91 249 99
39 39 47 39
19 38 20 42
211 23 211 33
163 71 168 72
143 159 143 166
8 11 16 11
93 111 95 114
10 128 17 128
141 89 144 90
249 6 249 17
190 159 191 162
221 66 222 70
28 99 31 100
188 14 191 15
149 107 152 108
225 178 234 178
204 188 204 198
203 136 205 139
162 94 165 96
4 92 4 99
15 1 25 1
180 182 180 189
8 72 19 72
99 180 99 188
226 118 229 119
68 95 72 96
61 141 63 144
121 174 123 177
200 179 200 189
217 36 217 47
64 143 64 151
22 67 25 68
229 64 232 66
79 155 80 158
156 61 156 72
33 15 42 15
210 98 215 99
197 129 202 130
208 42 209 45
29 143 32 144
96 19 100 20
186 113 187 116
102 198 107 199
50 111 50 120
245 82 248 83
108 21 109 24
122 107 123 112
85 184 85 195
93 27 93 36
26 59 27 62
40 38 47 38
80 77 83 78
58 176 60 179
113 93 122 93
34 77 35 80
152 165 154 168
172 88 176 89
32 71 35 72
6 133 9 134
235 180 238 181
242 16 243 20
82 119 83 124
118 42 121 43
0 18 1 23
141 99 141 106
235 145 244 145
43 45 45 48
223 144 225 147
36 63 37 66
157 135 157 142
115 133 116 138
12 181 17 182
30 58 40 58
202 18 204 21
163 111 165 114
192 51 192 59
178 93 189 93
223 5 225 8
176 9 184 9
248 29 249 34
164 26 165 30
185 134 186 137
115 95 118 97
51 18 52 21
66 18 68 21
93 165 93 176
39 166 40 171
193 77 193 84
44 61 47 62
30 67 31 72
119 133 119 140
82 54 84 57
198 0 199 5
146 170 146 178
128 65 129 70
92 50 93 53
114 4 118 5
144 65 145 68
103 13 106 14
215 114 220 115
151 141 152 144
93 0 95 3
127 48 127 57
14 165 21 165
153 33 155 36
138 33 139 36
174 94 174 102
48 174 57 174
225 103 226 107
100 50 109 50
136 184 139 186
17 43 18 47
30 62 37 62
81 85 82 89
74 138 76 141
133 118 134 123
136 174 140 175
61 2 64 3
2 172 3 175
21 70 22 75
10 190 11 193
228 49 229 54
93 130 94 135
137 99 139 102
6 60 7 64
11 168 12 173
14 85 18 86
66 93 67 97
239 116 240 120
93 37 93 45
97 139 98 144
184 24 186 27
53 188 53 196
37 199 47 199
164 73 165 76
132 34 137 35
182 57 182 64
58 65 60 68
200 134 200 142
179 44 179 54
52 43 53 47
9 34 9 41
121 0 130 0
25 145 26 148
197 87 198 90
42 123 43 126
242 198 247 199
109 110 112 111
62 45 62 55
131 39 134 40
43 133 50 133
107 32 107 39
44 126 47 127
32 56 40 56
156 88 161 89
63 128 64 132
24 89 28 90
57 112 57 123
108 82 113 83
229 37 232 38
26 67 29 68
184 61 184 69
110 99 110 106
192 154 193 158
141 71 143 74
223 33 225 36
193 39 193 48
161 37 168 37
52 127 53 130
166 67 168 70
118 153 118 162
118 61 120 64
132 179 140 179
152 91 152 99
143 117 150 117
168 45 169 48
206 174 210 175
62 176 64 179
45 84 50 85
57 178 57 187
203 11 210 11
15 94 25 94
49 40 52 41
126 14 126 22
181 171 182 175
86 101 87 105
91 70 92 75
154 20 158 21
111 104 115 105
0 9 1 14
224 77 226 80
34 197 36 199
5 43 8 44
52 88 52 97
236 104 238 107
180 172 180 181
8 91 8 100
208 30 208 41
48 115 48 126
199 175 200 178
12 100 12 109
44 72 45 75
216 48 216 59
162 21 164 24
97 176 99 179
147 185 151 186
203 109 203 116
84 93 89 94
151 187 152 191
218 184 220 187
234 2 241 2
78 92 78 99
220 23 221 26
181 98 190 98
226 35 229 36
84 40 87 41
117 156 117 164
105 166 108 167
73 95 74 99
169 125 170 130
35 148 36 153
217 128 222 129
83 12 88 13
131 121 131 132
172 25 174 28
116 165 121 166
202 0 203 5
32 8 33 11
93 140 94 144
144 120 144 127
217 76 218 80
23 73 27 74
157 199 168 199
40 26 41 29
126 154 127 158
13 41 13 52
26 10 26 21
208 98 209 101
39 84 40 87
196 79 198 82
168 174 168 181
174 178 175 183
13 32 17 33
158 43 166 43
126 79 126 87
105 110 105 119
213 57 215 60
202 84 203 88
159 75 159 82
44 182 46 185
214 118 218 119
3 105 4 108
136 140 137 143
69 113 69 121
104 76 106 79
111 162 112 166
239 114 243 115
181 40 181 49
116 38 116 46
97 94 98 97
203 144 203 155
56 42 59 43
89 158 89 166
116 75 119 76
6 197 10 198
13 144 16 146
68 97 70 100
41 191 50 191
178 0 182 1
6 68 17 68
213 187 214 192
189 77 192 78
217 89 224 89
153 186 160 186
233 57 234 60
144 37 145 41
195 74 204 74
117 0 118 3
25 24 35 24
10 110 17 110
87 71 88 75
61 133 62 137
198 54 198 65
142 30 142 41
0 140 1 143
9 164 9 171
56 199 67 199
62 157 62 166
230 90 230 99
139 104 140 109
193 103 193 114
180 100 181 103
167 131 168 134
89 13 97 13
127 21 130 22
178 122 180 125
15 129 15 140
8 83 8 90
150 171 151 175
89 39 90 42
41 172 42 175
102 43 113 43
202 65 203 70
229 195 231 198
83 42 86 44
141 118 141 125
25 33 26 38
190 138 190 149
236 21 237 26
126 96 126 107
71 44 71 51
162 123 162 131
128 28 128 36
19 0 30 0
83 146 84 149
156 166 157 170
243 97 244 102
171 9 173 12
212 33 213 36
44 82 53 82
79 34 80 39
228 133 228 140
20 122 28 122
152 147 154 150
114 154 117 155
53 68 55 71
128 187 129 190
237 64 248 64
111 70 112 73
213 94 216 95
43 55 44 60
41 135 42 138
143 1 143 10
218 92 218 99
237 148 240 149
34 2 34 10
22 11 22 21
197 160 200 161
101 186 102 190
232 39 232 48
113 56 114 59
238 141 245 141
175 6 180 7
239 187 244 188
195 36 196 40
186 83 190 84
39 130 40 134
95 61 95 68
90 185 91 188
61 188 63 191
32 165 42 165
221 75 224 76
208 106 211 107
38 195 42 196
38 31 39 34
184 192 185 196
88 58 91 60
40 172 40 182
145 128 146 131
109 176 119 176
174 168 177 170
163 66 164 70
157 155 158 158
165 8 173 8
134 23 137 24
232 49 234 52
64 5 65 10
157 173 158 177
90 54 92 57
241 148 243 151
57 134 58 137
195 138 196 142
200 89 201 93
67 72 68 77
105 176 106 181
237 129 240 131
6 129 13 129
104 59 105 62
53 115 55 117
78 7 82 8
173 116 173 123
186 39 187 43
206 66 207 69
4 195 5 199
73 56 77 57
25 25 26 28
171 29 172 32
204 60 207 61
72 114 76 115
48 43 50 46
140 140 141 143
4 74 5 79
142 171 144 174
53 62 61 62
136 56 136 63
150 161 153 162
152 28 153 31
16 73 18 76
32 83 41 83
54 98 61 98
248 104 248 111
243 89 244 92
34 122 37 124
50 121 50 130
216 134 216 141
100 48 111 48
21 118 22 121
86 120 87 124
22 128 29 128
69 160 70 165
184 100 185 103
244 10 244 20
173 190 174 195
116 85 117 90
27 129 27 139
224 96 226 99
208 188 208 199
38 25 45 25
176 11 183 11
240 3 241 7
232 86 235 87
59 119 60 124
173 151 173 162
6 144 7 148
216 172 217 175
146 96 146 105
133 164 136 166
54 168 55 173
111 131 116 132
164 52 164 63
125 145 125 156
109 0 109 7
105 134 112 134
62 93 62 101
66 167 68 170
225 150 226 154
11 67 21 67
146 162 146 169
35 28 36 33
81 114 82 117
157 61 160 62
134 139 141 139
33 108 34 111
194 1 195 6
117 101 119 104
214 28 215 32
76 49 80 50
205 114 205 121
65 58 68 59
146 180 146 188
167 28 167 36
58 168 58 175
176 53 178 56
99 152 99 162
47 138 50 139
146 106 148 109
87 143 87 154
89 140 91 143
20 82 20 90
131 2 142 2
131 31 131 38
58 0 69 0
206 92 206 101
15 117 22 117
151 151 152 154
153 182 155 185
157 126 157 134
174 90 181 90
231 70 231 78
145 189 150 190
74 65 74 72
101 120 101 129
95 191 95 198
124 27 124 38
122 182 123 187
99 136 100 139
159 187 160 191
149 162 149 173
229 168 229 175
70 28 71 33
199 54 200 59
22 161 23 166
132 150 133 153
47 17 58 17
144 73 147 75
128 141 129 144
123 85 123 96
191 33 196 34
164 156 165 161
131 85 131 95
214 130 215 134
24 111 25 114
185 4 186 9
49 81 57 81
103 74 110 74
49 107 50 110
68 141 73 142
245 37 246 42
51 163 56 164
44 156 45 159
248 86 249 90
211 164 214 165
135 78 136 81
109 140 110 143
49 32 49 39
65 143 66 146
59 109 59 118
8 12 16 12
189 79 190 82
52 53 53 57
26 115 27 119
179 55 182 56
73 186 77 187
13 24 24 24
21 7 22 10
132 1 142 1
86 55 86 62
210 66 211 69
30 31 30 38
83 182 86 183
154 42 155 45
77 95 77 102
51 111 52 115
46 160 47 164
195 91 198 92
157 109 158 112
149 109 150 113
124 131 125 136
166 94 170 95
33 16 42 16
13 108 16 109
222 18 222 25
102 63 103 68
83 165 84 168
42 76 42 84
233 73 233 84
187 56 188 59
129 79 134 80
92 125 93 128
198 72 203 73
71 156 72 160
43 72 43 83
131 96 131 103
8 114 16 114
203 156 203 163
125 139 126 142
174 123 175 128
239 190 242 191
225 89 232 89
28 91 30 94
202 184 202 195
126 149 133 149
91 144 91 153
137 91 137 98
107 5 107 12
17 136 18 141
75 145 78 147
175 149 176 153
120 85 121 90
83 24 86 26
147 187 150 188
175 199 182 199
115 27 122 27
75 110 76 113
232 133 233 138
46 2 47 7
124 66 126 69
99 52 109 52
233 141 234 144
101 112 101 119
221 114 222 117
148 37 148 44
38 84 38 95
44 7 44 14
39 17 43 18
125 27 125 34
47 10 48 13
173 37 180 37
70 139 73 140
41 91 49 91
189 180 190 185
5 69 10 70
210 131 211 134
85 96 94 96
175 94 176 97
64 195 71 195
89 9 93 10
181 106 184 107
214 19 215 23
149 42 153 43
216 4 219 5
145 26 146 30
65 67 68 69
66 113 67 116
110 6 121 6
127 13 127 20
178 161 179 164
1 129 2 132
37 190 37 198
191 26 202 26
115 69 117 72
136 130 136 138
248 132 249 137
206 102 209 103
48 175 57 175
100 51 109 51
14 166 21 166
151 67 151 74
120 114 121 117
232 187 236 188
146 191 147 194
45 20 50 21
63 44 66 46
176 156 177 160
147 76 147 84
53 105 53 114
249 35 249 46
240 76 243 78
130 52 131 57
130 98 130 106
175 31 183 31
247 162 249 165
186 76 187 81
54 188 55 191
145 135 149 136
162 152 162 159
201 134 202 137
132 66 132 73
173 51 176 52
96 57 96 68
231 81 232 84
146 85 151 86
114 146 114 153
211 173 214 175
58 83 62 84
86 138 89 139
117 149 118 152
243 133 247 134
221 40 222 43
183 0 183 7
81 187 84 188
134 152 138 153
87 88 91 89
241 85 242 88
76 11 81 12
172 92 173 95
126 117 128 120
206 48 207 51
180 110 181 113
168 65 177 65
5 183 5 191
150 163 151 166
11 70 19 70
168 101 169 105
228 141 232 142
234 156 236 159
51 102 52 106
48 164 50 167
114 79 114 90
178 104 181 105
220 27 227 27
153 91 154 94
114 184 115 187
51 13 58 13
21 34 22 39
198 66 199 71
90 27 91 32
81 178 83 181
179 168 180 171
31 115 39 115
210 121 210 128
138 116 141 117
196 7 197 10
162 115 162 122
152 44 152 55
118 118 118 125
217 19 221 20
152 174 156 175
72 79 74 82
233 169 234 172
6 24 7 28
177 145 178 148
79 26 80 30
154 13 157 14
70 66 71 70
173 136 174 139
143 50 144 53
122 145 122 153
134 108 135 112
39 20 40 23
242 197 249 197
123 124 126 125
243 190 246 191
0 138 4 139
206 184 206 195
6 178 11 179
209 9 214 10
158 40 161 42
32 63 35 64
97 196 107 196
17 126 28 126
15 95 25 95
34 87 35 91
210 177 211 181
225 131 228 132
94 120 95 124
220 4 220 12
235 34 236 38
111 9 118 9
17 124 22 125
49 24 50 27
233 149 236 150
30 197 33 199
217 21 217 28
204 52 204 59
216 179 220 180
113 91 117 92
13 79 13 90
53 97 53 104
243 116 243 124
130 62 131 66
170 179 172 182
120 176 120 187
125 157 125 164
40 100 41 105
159 49 160 52
66 84 66 92
101 19 104 20
36 174 39 175
81 96 82 99
61 87 62 92
69 151 69 159
177 88 180 89
211 72 213 75
127 79 128 82
145 17 146 21
242 125 247 126
155 187 157 190
214 17 218 18
120 103 120 112
191 121 192 124
167 149 167 157
156 84 157 87
84 92 91 92
61 153 62 156
128 193 133 194
62 20 62 27
165 44 166 47
27 83 31 84
90 174 90 184
87 155 87 162
226 191 231 192
65 162 66 165
221 132 221 139
7 3 17 3
17 174 18 178
148 166 148 175
232 153 233 156
185 153 185 160
153 119 154 122
115 33 116 37
67 9 68 12
124 39 124 46
23 151 24 154
123 58 127 59
211 7 214 8
145 137 146 142
136 84 136 92
149 4 154 5
221 178 223 181
225 122 225 130
206 178 207 181
69 20 73 21
99 99 100 103
24 169 32 169
29 146 30 149
98 164 102 165
64 108 64 115
78 130 79 135
185 70 186 74
230 127 230 138
225 187 227 190
76 71 77 74
60 71 61 76
85 99 92 99
217 124 218 127
230 118 234 119
102 44 113 44
115 13 126 13
115 99 124 99
228 4 229 9
181 180 184 182
68 89 69 94
102 91 102 99
76 153 76 161
183 47 184 51
127 23 128 27
223 85 230 85
2 23 13 23
237 100 242 101
47 185 50 186
218 130 218 137
123 14 124 18
74 48 75 51
10 127 19 127
144 1 145 5
51 151 59 151
63 63 63 72
75 165 76 170
44 83 53 83
10 181 11 186
41 153 44 154
81 19 81 30
14 51 15 56
206 2 207 5
149 10 157 10
32 54 35 55
218 195 228 195
237 187 238 191
237 55 241 56
229 20 231 23
204 152 204 163
188 146 188 153
68 173 69 177
130 172 130 181
61 59 64 60
83 6 86 8
233 157 233 168
123 23 123 30
239 80 239 87
78 55 81 57
198 199 206 199
56 107 56 117
51 138 51 147
189 171 191 174
235 32 239 33
194 51 202 51
92 88 93 92
57 33 58 36
5 157 6 160
8 101 8 111
132 177 135 178
24 191 29 192
135 4 136 8
173 72 182 72
214 120 214 129
168 0 169 3
19 76 21 79
66 75 66 83
203 184 205 187
244 104 247 106
42 41 43 44
147 49 148 54
219 73 220 76
245 175 249 176
177 135 178 140
11 152 12 155
206 140 207 145
76 61 76 68
39 93 42 94
2 53 3 56
12 130 13 135
101 132 102 135
80 163 81 167
115 190 117 193
216 108 217 111
111 67 116 68
220 91 228 91
89 66 89 75
230 193 241 193
195 157 196 162
138 16 139 19
111 171 114 173
192 62 194 65
100 115 100 122
3 71 11 71
6 181 9 182
125 72 129 73
10 79 12 82
156 143 163 143
77 180 78 183
75 35 78 36
14 88 16 91
67 35 70 37
53 87 53 96
57 4 59 7
188 8 189 11
8 30 17 30
165 14 165 24
209 29 209 40
138 52 139 57
242 193 244 196
183 57 184 60
160 63 160 73
80 126 81 130
127 172 128 175
54 49 55 53
219 44 221 47
142 58 147 59
213 143 214 146
176 128 178 131
230 0 231 4
219 16 222 17
212 62 213 65
49 98 50 102
109 138 113 139
61 107 62 110
72 190 72 199
105 168 105 175
28 129 29 134
100 153 101 156
146 31 146 42
158 22 158 31
184 118 187 119
28 101 30 104
74 1 74 8
9 156 9 163
147 199 156 199
39 103 39 110
13 165 13 172
131 160 131 170
202 46 206 47
244 169 247 171
189 191 190 194
106 182 106 193
185 68 189 69
212 23 212 32
39 121 39 129
57 131 62 132
122 62 125 63
177 107 177 115
119 181 119 188
114 166 115 169
209 131 209 142
84 80 85 83
115 126 116 130
217 140 221 141
104 2 104 12
221 124 222 127
219 118 222 119
132 11 132 18
20 106 27 106
141 54 143 57
221 49 221 56
171 1 173 4
102 100 102 109
177 191 177 198
154 151 154 162
18 50 29 50
63 73 66 74
139 152 141 154
126 183 128 185
67 135 72 136
203 90 207 91
175 35 180 36
91 174 92 178
45 153 48 154
119 114 119 125
181 154 182 158
49 4 49 13
195 129 195 137
60 53 60 60
116 77 116 84
70 10 73 11
206 168 207 173
20 26 24 27
50 151 50 158
37 182 37 189
45 136 46 139
136 122 136 129
8 56 8 64
97 169 98 173
37 43 37 50
122 8 123 11
107 172 110 173
228 59 231 61
160 112 161 115
3 123 3 132
95 23 95 34
195 149 196 152
44 80 48 81
18 181 18 188
240 85 240 96
201 178 201 189
94 21 102 21
207 55 208 59
151 77 151 84
164 0 165 4
107 155 108 158
95 53 95 60
218 0 221 1
239 15 241 18
167 49 168 52
100 22 100 30
83 62 83 71
152 102 154 105
11 143 12 146
169 33 169 42
65 189 67 192
155 90 162 90
141 179 148 179
30 124 33 125
235 100 236 103
45 117 46 121
179 94 180 98
0 195 3 197
149 54 149 61
172 100 172 109
71 19 80 19
106 110 107 115
24 55 24 63
167 57 169 60
159 28 159 39
173 69 177 70
235 29 242 29
122 6 133 6
88 51 89 56
21 147 22 150
32 163 37 164
56 63 57 67
44 100 44 108
111 127 112 130
192 174 202 174
71 35 74 37
0 57 1 62
45 96 45 107
139 86 142 88
99 43 99 51
158 87 169 87
7 161 7 168
0 193 5 194
137 8 137 16
10 164 11 167
234 16 234 27
74 101 74 112
88 117 89 120
241 103 243 106
211 109 211 118
98 119 98 128
20 148 20 156
36 166 36 173
142 145 152 145
83 27 84 30
209 4 210 8
100 5 101 8
114 137 114 145
158 85 163 86
244 142 247 143
96 14 97 18
83 45 84 49
193 69 196 70
212 53 213 56
8 115 16 115
171 121 171 130
16 194 19 196
25 153 25 164
9 118 20 118
189 43 190 46
109 112 111 115
32 126 37 127
151 60 160 60
131 133 131 142
21 174 21 181
167 114 168 117
225 58 226 63
25 137 26 141
132 102 136 103
243 183 244 186
219 54 219 61
3 115 3 122
229 39 231 42
90 111 92 114
241 94 242 99
4 1 6 4
120 83 125 84
99 53 109 53
167 11 168 16
75 136 79 137
19 12 19 19
60 153 60 164
189 23 192 24
231 85 238 85
215 100 218 101
162 106 162 114
35 187 35 194
188 177 196 177
36 101 37 106
58 141 60 144
91 129 100 129
167 77 168 80
137 155 141 156
142 99 143 103
83 108 83 118
158 117 159 120
127 123 127 134
73 188 73 197
52 62 52 71
13 174 16 175
197 42 198 46
84 173 85 176
41 182 41 189
32 183 36 184
161 184 162 187
172 128 172 137
157 36 158 39
130 156 131 159
88 61 89 65
165 54 166 57
174 171 175 175
34 179 37 181
238 195 239 198
128 150 131 151
136 196 138 199
131 41 131 49
11 161 21 161
0 113 0 120
229 160 229 167
92 60 94 63
129 93 130 97
149 155 152 157
231 98 231 108
28 146 28 157
171 113 171 120
73 87 74 92
67 158 68 161
10 87 10 98
206 104 207 108
38 189 39 194
85 160 85 168
183 76 184 79
151 123 154 124
48 53 51 55
245 29 246 34
207 147 210 148
210 38 210 46
17 103 25 103
204 81 205 85
168 118 168 129
97 187 97 195
128 2 130 5
248 142 248 150
67 27 69 30
132 36 137 37
235 88 235 99
49 79 52 80
81 32 82 35
55 94 56 97
186 179 187 184
160 148 160 156
136 114 137 117
56 118 56 126
163 58 163 65
51 153 58 153
108 84 113 85
43 186 46 187
21 171 26 172
66 40 67 43
240 177 245 178
222 149 222 156
46 142 48 145
33 173 35 176
176 82 179 83
14 199 25 199
162 134 162 142
141 165 141 174
149 44 149 53
201 78 204 79
247 117 248 122
176 100 179 102
200 192 201 197
97 197 107 197
28 55 31 56
159 151 159 158
131 4 134 5
15 96 25 96
165 127 167 130
186 188 186 196
201 61 202 64
74 177 77 178
102 121 103 124
197 134 197 142
110 0 111 3
97 31 98 34
154 15 155 19
41 7 42 10
35 2 45 2
123 126 124 130
208 155 209 159
28 106 35 106
147 162 148 165
72 154 75 155
148 29 148 36
62 62 69 62
15 77 17 80
74 39 75 43
5 92 5 99
194 151 194 158
131 23 132 28
147 180 148 184
91 17 92 21
206 114 207 117
80 172 83 173
57 190 59 193
39 48 39 55
168 28 169 32
66 150 68 153
23 120 28 121
30 42 31 46
143 189 144 194
205 188 205 198
67 81 67 92
228 111 235 111
102 84 103 87
107 99 107 106
206 182 213 182
15 6 23 6
85 106 86 109
59 168 60 171
177 38 184 38
178 187 178 198
182 40 185 41
95 155 97 158
237 71 244 71
225 148 230 149
227 101 228 104
239 162 239 173
241 131 244 132
224 42 226 45
94 185 97 186
188 137 188 145
135 98 136 101
53 154 54 158
11 59 12 64
23 85 34 85
100 61 101 64
86 184 86 195
32 185 33 190
79 110 80 115
238 47 239 50
209 50 211 53
30 126 31 129
247 43 248 48
74 20 75 25
167 170 168 173
57 125 60 126
13 91 13 99
245 159 246 164
50 32 51 35
181 117 182 122
41 72 42 75
68 127 69 132
159 132 162 133
196 54 197 58
193 51 193 59
57 108 58 111
31 170 32 173
211 147 214 148
56 1 64 1
131 173 140 173
118 12 125 12
85 49 88 50
73 39 73 50
100 42 101 46
5 111 6 115
110 45 113 46
103 91 104 94
129 168 130 171
72 97 72 108
212 107 223 107
193 71 194 74
227 166 228 169
163 124 164 127
229 150 229 159
93 163 101 163
199 32 206 32
189 126 189 133
121 47 122 52
82 140 83 145
80 81 81 84
110 192 114 193
225 21 228 22
64 35 66 37
23 10 23 21
3 52 12 52
112 31 115 32
121 1 131 1
143 76 143 87
150 135 153 136
71 17 82 17
234 28 234 35
208 90 208 97
79 64 79 71
14 41 18 42
240 32 241 37
127 42 128 47
226 120 237 120
141 175 144 176
39 151 40 154
217 143 218 147
101 76 103 79
37 59 42 60
213 96 216 97
138 91 139 94
189 25 190 28
187 0 187 9
188 118 191 120
128 50 129 53
102 112 103 115
53 23 53 32
192 126 192 137
30 120 37 120
19 182 27 182
159 7 166 7
0 48 0 56
215 120 216 124
73 143 74 148
201 52 202 55
232 98 233 102
9 183 9 193
131 117 132 120
188 101 189 105
87 15 87 26
43 150 53 150
154 135 156 138
216 181 219 183
235 182 246 182
222 186 224 189
132 159 132 168
212 155 213 159
21 82 31 82
28 111 28 119
224 164 225 167
14 43 14 50
154 106 154 116
29 108 32 110
79 31 86 31
197 162 200 163
95 138 96 141
41 170 46 171
41 117 44 118
113 94 114 99
35 1 46 1
215 90 219 91
31 132 32 137
148 75 151 76
54 103 54 114
105 19 105 29
126 7 129 8
85 115 86 119
5 138 8 139
128 13 129 16
134 25 137 26
201 154 202 157
194 39 194 48
237 76 237 84
63 47 64 51
71 186 72 189
192 194 193 197
141 46 141 53
237 27 242 28
62 12 62 19
223 81 226 83
213 78 214 83
0 170 1 173
65 154 66 157
4 179 5 182
211 19 212 22
101 94 101 103
203 140 204 143
161 174 163 177
28 25 33 26
138 181 142 182
193 99 194 102
70 48 70 56
118 91 121 92
163 152 164 155
185 106 189 107
232 127 241 127
206 132 206 139
133 66 134 69
176 0 177 4
234 129 234 138
204 62 207 63
172 37 172 44
169 192 171 195
72 109 73 113
209 160 213 161
145 111 146 115
65 187 70 188
196 52 200 53
227 176 236 176
19 159 23 160
73 13 76 14
21 137 24 138
65 13 68 15
149 138 150 143
51 84 54 85
227 137 227 145
202 178 205 179
246 54 249 56
232 125 235 126
111 74 119 74
226 146 231 147
63 25 68 26
167 20 170 22
43 49 44 52
17 111 18 114
113 48 113 55
61 172 61 179
219 113 227 113
117 168 118 173
185 44 186 47
108 97 108 104
200 16 203 17
59 85 60 88
115 144 126 144
184 120 185 124
89 189 90 193
28 196 29 199
46 41 46 48
216 148 224 148
123 145 124 149
169 84 177 84
43 168 46 169
145 120 145 127
60 35 62 38
191 39 192 42
90 93 93 94
15 123 26 123
88 115 92 116
114 53 118 54
192 184 192 191
88 15 88 22
129 156 129 167
27 140 31 141
174 79 175 83
110 194 111 199
206 64 211 65
29 117 29 127
9 56 10 59
221 4 222 8
113 150 113 157
88 33 88 41
194 124 195 128
89 22 99 22
237 57 248 57
66 104 66 112
13 100 24 100
211 84 212 87
198 115 199 118
165 137 166 142
166 179 166 190
146 118 147 122
244 114 244 124
14 15 16 18
53 33 56 34
211 13 218 13
80 174 81 177
158 52 158 59
3 42 4 46
166 145 167 148
128 105 128 112
43 131 46 132
101 22 102 25
192 8 192 15
163 178 163 187
23 69 24 72
233 10 233 21
194 103 194 114
32 93 32 100
189 163 191 166
248 125 249 129
48 65 49 68
97 49 98 54
32 65 33 70
247 108 247 116
63 157 63 166
241 133 242 136
70 151 71 155
6 34 6 42
203 168 204 171
129 85 130 88
122 77 129 77
73 61 74 64
134 193 135 197
153 137 153 146
43 178 43 185
107 17 108 20
174 161 177 163
70 2 72 5
222 28 225 30
107 174 108 178
231 126 231 137
208 80 208 89
239 110 240 113
40 183 40 194
72 44 72 51
47 66 47 74
85 152 85 159
181 80 184 81
6 193 7 196
140 188 141 192
246 92 248 95
50 69 51 73
229 139 234 140
13 61 18 62
249 76 249 83
202 123 203 128
242 55 245 56
196 194 197 197
190 57 190 68
23 196 27 197
23 32 24 35
98 0 98 8
212 116 216 117
154 24 154 32
12 119 17 120
218 191 225 191
54 142 54 150
213 15 222 15
124 114 127 115
230 185 241 185
246 65 247 69
55 138 55 149
131 0 138 0
25 52 25 63
78 0 82 1
200 100 201 105
78 39 78 46
217 50 219 53
225 181 234 181
84 126 87 127
224 118 225 121
197 99 198 102
184 130 185 133
225 179 228 180
85 51 86 54
155 50 155 57
245 130 249 131
76 91 77 94
208 62 211 63
152 176 152 186
224 47 231 47
137 84 138 88
162 80 163 84
80 118 81 122
166 96 170 97
142 146 152 146
154 191 156 194
159 3 161 6
81 189 83 192
42 143 44 146
57 90 58 93
31 152 32 155
56 44 59 46
143 61 144 64
20 28 20 37
197 132 202 133
67 111 70 112
64 166 65 169
114 156 114 165
179 159 182 160
39 95 39 102
215 185 215 192
33 112 41 112
51 58 52 61
6 50 11 51
10 34 12 37
137 29 138 32
103 137 103 144
178 106 180 109
156 149 159 150
149 195 150 198
222 58 223 61
160 157 160 167
163 188 163 196
198 179 199 184
63 103 64 107
53 18 61 18
97 180 98 183
34 113 39 114
194 131 194 142
32 75 33 79
77 125 87 125
216 60 216 71
90 84 93 85
172 185 175 186
0 121 0 132
196 17 197 22
177 183 177 190
235 146 238 147
172 168 173 171
153 98 158 99
108 144 109 148
160 20 161 24
28 167 31 168
48 75 57 75
230 5 237 5
77 123 81 124
42 61 43 64
211 93 212 97
198 124 199 128
119 97 123 98
73 125 74 130
137 56 137 63
199 167 202 168
107 192 109 195
101 13 102 16
147 13 150 14
21 193 24 194
51 121 51 130
245 10 245 20
117 49 118 52
187 48 187 55
126 9 127 12
92 117 92 124
158 126 160 129
11 162 21 162
136 187 139 189
118 163 123 164
99 147 100 151
164 177 164 184
95 45 95 52
138 61 142 62
144 76 146 79
147 60 147 67
113 140 113 149
43 87 52 87
32 157 35 159
83 101 85 104
53 40 58 41
70 85 70 94
31 178 31 187
150 63 151 66
147 96 147 105
171 50 172 53
209 188 209 199
243 110 244 113
243 135 247 136
146 90 147 95
122 76 130 76
84 137 85 140
146 87 151 88
115 94 122 94
98 130 98 138
161 148 162 151
193 12 198 13
163 12 166 13
102 0 102 8
81 50 84 51
61 127 62 130
240 23 243 24
1 158 1 165
70 12 70 19
126 175 126 182
214 66 214 75
133 187 134 190
95 147 95 154
98 184 98 195
165 193 166 198
149 118 149 129
227 53 227 63
176 103 177 106
163 134 164 137
202 180 203 183
25 173 29 174
9 148 10 153
194 180 195 184
38 181 38 188
229 179 232 180
235 55 236 58
207 92 207 101
96 23 99 25
94 84 94 92
175 40 176 44
230 168 230 175
19 141 23 142
142 108 142 117
232 70 232 78
246 18 249 19
187 188 188 191
55 103 57 106
64 184 74 184
142 126 142 136
134 126 134 137
43 66 46 68
69 143 72 145
189 70 192 72
218 110 223 111
230 29 230 36
178 153 178 160
24 75 26 78
33 146 36 147
185 165 186 168
117 114 118 117
174 116 175 121
245 84 249 85
138 165 138 172
5 102 6 107
51 188 52 191
6 127 9 128
34 96 38 97
234 10 235 15
239 183 242 184
238 51 245 51
46 98 47 101
72 175 73 178
4 53 11 53
176 134 183 134
104 125 107 126
203 93 205 96
26 153 26 162
12 71 19 71
84 63 85 66
40 40 48 40
231 148 232 151
219 64 219 72
185 34 187 37
162 41 166 42
209 80 210 83
143 31 143 41
115 73 124 73
16 48 17 53
193 163 196 164
8 27 13 28
78 5 86 5
214 39 216 42
166 61 167 66
232 123 237 124
127 186 134 186
118 83 118 90
73 54 81 54
91 0 92 3
171 94 171 104
168 150 169 153
83 0 84 4
170 70 171 75
134 55 135 58
0 103 4 104
190 4 190 11
32 167 35 168
193 180 193 191
104 144 105 149
172 45 176 46
136 180 137 183
51 133 60 133
130 7 130 16
9 46 11 49
33 117 37 118
246 0 247 5
85 32 85 39
38 111 45 111
25 142 32 142
114 112 115 115
171 142 171 149
115 118 115 125
206 183 213 183
153 37 154 41
78 167 78 178
112 106 115 107
25 193 28 194
115 62 117 65
123 154 123 162
188 175 191 176
131 108 132 112
143 181 143 188
189 134 189 145
0 180 1 183
240 79 242 82
127 163 127 171
43 96 44 99
11 57 16 58
123 52 126 53
103 129 104 132
173 128 173 135
26 4 30 5
0 105 0 112
229 106 230 110
199 84 199 92
160 177 160 185
98 39 99 42
137 103 138 107
91 45 91 53
30 117 32 119
171 105 171 112
84 128 85 131
188 19 189 22
19 144 20 147
24 159 24 166
4 169 7 170
243 165 243 172
114 75 115 78
43 86 53 86
222 139 226 140
139 71 140 74
113 133 114 136
234 36 234 47
77 32 80 33
73 22 73 32
140 95 140 103
25 166 35 166
89 179 89 188
178 3 182 4
238 11 239 14
244 23 247 24
4 152 5 155
81 58 81 69
79 138 79 147
58 31 61 32
114 194 117 195
135 180 135 190
184 112 185 115
203 56 203 64
159 134 160 138
239 72 242 73
223 37 224 41
12 66 23 66
244 6 245 9
37 166 38 169
128 152 128 159
222 77 223 80
200 148 201 151
211 167 212 172
89 77 100 77
242 139 245 140
142 118 145 119
216 184 217 187
88 25 88 32
222 112 233 112
222 95 223 99
226 121 237 121
20 168 23 169
148 62 155 62
52 121 53 124
209 88 212 89
213 193 221 193
31 31 32 36
163 88 164 91
124 181 125 184
13 143 20 143
142 137 143 142
5 176 8 177
163 106 164 110
236 90 237 93
187 158 187 168
184 0 184 7
238 110 238 121
241 74 246 75
65 70 68 71
52 15 57 16
76 193 77 197
149 38 150 41
58 180 58 187
45 8 46 11
226 49 227 52
177 117 177 127
170 25 171 28
118 28 119 32
23 143 23 150
95 173 95 184
227 73 227 81
75 162 82 162
104 99 105 102
238 76 239 79
212 138 213 141
148 21 148 28
6 183 6 191
211 57 212 60
220 81 220 88
194 143 194 150
21 195 22 198
226 29 229 30
39 40 39 47
133 104 134 107
115 79 115 90
223 118 223 129
177 44 177 52
107 91 107 98
161 44 161 54
215 148 215 156
58 113 58 124
156 122 158 125
4 86 6 89
131 81 132 84
54 134 54 141
237 132 240 134
209 16 218 16
105 161 106 165
1 113 2 116
142 44 145 45
3 144 5 147
120 133 123 135
135 15 135 22
5 122 6 125
143 108 144 111
242 66 243 70
221 86 225 87
99 111 100 114
239 156 240 161
95 102 96 105
209 14 212 15
92 135 92 144
159 144 160 147
73 59 77 60
189 155 189 162
65 137 74 137
75 37 78 38
216 7 217 12
40 53 45 54
163 14 164 17
149 103 150 106
105 80 113 80
190 152 193 153
105 2 108 4
111 17 112 21
186 124 186 133
158 63 159 66
197 34 197 41
7 4 18 4
172 56 172 64
179 32 188 32
64 193 67 194
205 52 205 59
85 143 85 151
182 12 182 23
103 99 103 109
177 27 178 30
172 110 172 121
214 163 222 163
175 20 175 30
219 158 220 162
227 158 228 161
150 147 151 150
93 181 94 184
202 41 203 45
195 84 198 86
190 115 193 116
41 166 42 169
183 186 187 187
121 103 121 112
204 148 205 151
134 144 139 145
65 97 65 107
131 7 132 10
104 161 104 172
118 177 119 180
200 18 201 22
139 25 140 28
2 45 2 52
70 171 71 174
236 108 246 108
47 57 50 59
83 19 84 23
44 112 45 116
96 191 96 199
129 123 130 126
237 58 248 58
39 68 39 75
132 85 132 96
138 8 138 15
125 39 125 46
225 117 234 117
108 61 108 68
14 155 16 158
13 102 14 107
88 81 98 81
157 63 157 73
139 197 144 198
7 34 8 37
243 35 246 36
187 133 188 136
125 94 128 95
170 155 171 158
62 116 63 119
145 84 145 91
6 92 7 95
99 17 102 18
66 125 67 128
214 49 215 54
222 49 223 53
135 118 136 121
151 31 151 41
18 119 19 122
103 25 103 35
6 74 15 74
57 61 68 61
24 184 29 185
65 108 65 115
135 61 135 69
220 182 231 182
112 33 112 40
144 15 152 15
193 24 204 24
6 29 14 29
181 137 182 142
55 178 56 183
10 38 18 38
24 132 25 136
234 195 237 197
153 65 153 72
64 63 64 72
210 188 210 196
218 192 225 192
150 192 153 193
62 4 62 11
195 114 196 117
82 19 82 30
186 15 187 18
64 39 72 39
227 82 230 84
193 91 194 94
179 76 182 78
148 150 148 159
137 131 137 138
143 132 148 133
194 115 194 123
191 85 194 86
205 152 205 163
52 138 52 147
203 26 208 27
175 57 179 58
41 55 42 58
104 86 109 87
220 100 230 100
160 75 163 77
229 199 239 199
59 182 66 182
97 104 101 105
40 113 41 116
200 46 201 50
68 193 71 194
241 173 249 173
219 62 224 63
37 128 37 136
55 85 58 86
140 77 140 85
226 169 226 176
31 14 32 17
231 92 232 97
141 195 144 196
21 86 29 86
40 95 49 95
148 77 148 84
26 63 27 66
112 198 116 199
93 189 96 190
200 110 200 118
1 149 1 157
48 199 55 199
56 28 57 32
102 166 102 177
7 96 7 107
0 4 1 8
47 114 47 121
84 107 84 118
85 15 86 18
59 77 60 80
185 54 186 58
26 99 27 104
167 41 167 48
53 19 61 19
162 44 163 48
14 34 17 36
37 73 37 80
30 191 33 192
132 97 133 101
164 185 164 196
89 106 89 114
90 66 90 75
27 107 28 110
174 53 175 56
197 131 204 131
2 7 13 7
226 68 227 71
198 38 203 39
63 122 64 127
62 69 62 76
59 196 62 197
230 67 232 69
132 59 135 60
42 96 42 107
218 30 221 31
223 103 224 106
235 61 240 62
77 163 77 170
129 132 130 136
64 16 68 17
166 14 166 24
77 24 77 31
215 167 215 175
8 2 19 2
145 11 146 14
236 54 245 54
221 11 226 12
98 11 98 18
197 190 201 191
182 190 185 191
158 44 158 51
106 168 106 175
218 38 222 39
117 67 120 68
192 0 192 7
208 111 209 114
228 183 238 183
112 116 115 117
144 69 145 72
103 17 106 18
123 118 124 123
139 118 140 121
10 156 10 163
180 195 182 198
101 49 112 49
122 165 126 166
69 44 70 47
90 170 91 173
11 163 21 163
2 35 2 44
3 152 3 163
40 121 40 129
14 183 14 191
199 169 200 173
91 130 92 134
64 93 65 96
52 48 61 48
185 169 192 169
138 158 147 158
24 139 24 150
238 94 239 99
54 86 54 97
94 75 105 75
63 12 64 15
226 133 227 136
159 92 166 92
163 115 163 123
67 178 68 182
73 33 76 34
195 105 196 108
196 129 196 137
191 96 192 99
174 143 178 144
240 163 243 164
122 103 123 106
149 130 151 133
50 4 50 13
145 92 145 102
164 77 165 80
228 144 232 145
224 174 224 181
132 124 135 125
222 132 224 135
203 48 203 55
25 149 26 152
5 33 12 33
19 48 24 49
152 169 155 170
42 127 43 130
108 135 108 143
160 11 160 19
107 129 108 133
59 105 60 108
174 12 179 13
150 27 151 30
236 16 237 20
162 54 163 57
224 53 224 61
157 103 158 106
193 11 200 11
68 101 69 106
102 57 103 62
218 103 222 104
248 25 249 28
101 143 101 150
50 74 57 74
165 185 165 192
139 69 143 70
13 59 21 59
234 0 238 1
12 21 15 22
175 59 176 64
144 31 145 36
63 75 63 84
173 164 177 165
75 84 75 92
78 87 79 91
30 63 31 66
155 80 156 83
76 81 79 83
161 55 161 63
217 116 220 117
113 174 120 174
230 48 230 56
118 37 121 38
31 87 31 95
15 98 25 98
181 82 181 89
133 12 134 15
90 164 97 164
150 54 150 61
4 54 11 54
140 122 140 133
94 169 94 176
188 112 189 116
183 143 184 146
28 179 29 182
145 103 145 110
116 181 118 184
205 72 206 75
234 77 235 80
31 81 39 81
54 152 65 152
29 157 30 162
187 170 188 174
35 4 45 4
22 43 25 45
133 159 135 162
64 27 66 30
213 90 214 93
0 192 8 192
44 76 45 79
10 138 11 142
134 90 134 101
246 139 249 141
160 28 160 39
78 196 82 197
7 172 10 173
226 159 226 168
216 82 216 89
76 79 81 80
218 21 221 22
153 176 156 177
75 1 76 6
244 151 249 152
137 157 137 168
138 65 139 68
137 123 138 126
99 54 110 54
197 156 198 159
125 78 134 78
120 145 121 148
115 55 116 58
91 37 92 42
57 53 59 56
64 185 64 192
22 180 27 181
0 198 3 199
64 18 65 23
2 90 6 91
162 5 166 6
37 27 37 34
103 36 105 39
88 175 89 178
48 161 56 161
124 23 126 26
19 61 20 65
221 71 222 74
182 164 183 167
132 180 134 183
194 52 195 55
39 88 40 91
2 8 2 16
117 105 117 112
5 57 5 64
47 106 48 109
11 5 14 6
58 69 61 70
128 160 128 171
60 93 61 97
100 71 102 74
161 18 164 19
180 20 181 24
223 196 224 199
72 27 72 34
180 131 182 133
209 164 210 168
245 86 245 95
172 66 172 74
93 14 93 21
47 0 52 1
13 148 16 150
73 163 76 164
212 109 215 111
221 34 222 37
77 51 80 53
91 66 92 69
146 43 146 54
102 82 107 83
243 27 243 34
93 69 96 70
73 171 77 172
129 31 130 34
6 45 8 48
106 55 106 66
22 109 23 114
65 57 72 57
128 114 132 115
115 145 119 146
144 159 144 170
125 104 125 112
42 182 42 189
189 146 189 154
194 83 201 83
122 74 125 75
81 182 82 186
106 21 107 24
233 22 233 31
240 137 241 140
225 23 228 24
54 6 55 9
234 105 235 108
43 93 48 94
181 183 184 185
195 93 195 104
149 94 150 98
230 160 230 167
61 56 69 56
8 195 13 196
167 4 169 7
169 121 170 124
245 96 247 99
80 183 80 192
34 98 37 100
75 75 75 83
41 70 46 71
188 16 193 17
108 25 109 29
207 154 214 154
86 199 95 199
161 64 161 73
102 88 110 88
73 134 77 135
48 42 55 42
7 183 8 186
171 171 171 178
153 187 154 190
211 38 211 46
167 162 167 169
41 139 42 142
249 142 249 150
166 174 167 178
32 179 33 182
77 126 79 129
7 108 7 115
218 196 222 197
209 72 210 75
186 89 196 89
167 106 169 109
26 43 29 45
109 76 113 77
123 137 124 142
113 60 114 63
149 158 152 159
27 14 27 21
216 34 220 35
239 52 244 53
23 9 30 9
93 115 93 124
142 65 143 68
61 192 63 195
38 35 39 38
190 107 191 112
174 154 177 155
46 53 47 56
218 108 226 108
18 109 21 110
57 154 57 164
110 120 114 121
154 74 163 74
60 111 62 114
207 28 207 38
29 111 30 116
130 35 130 46
73 52 76 53
15 43 16 47
239 121 240 124
20 12 21 17
92 100 92 107
150 44 150 53
177 39 185 39
0 67 0 78
184 19 187 20
220 94 228 94
2 92 3 97
8 25 16 25
167 179 167 189
239 189 246 189
142 167 143 170
39 143 39 150
126 28 127 33
151 52 151 59
138 37 139 41
1 75 1 84
198 134 198 142
27 171 30 172
171 33 172 36
246 177 249 178
183 95 186 97
207 184 212 185
48 47 50 50
46 173 47 177
64 157 64 165
16 133 16 140
3 164 3 171
227 196 228 199
105 81 113 81
201 119 202 122
216 72 216 81
239 102 240 106
188 75 188 82
52 27 52 37
90 160 92 163
95 83 98 84
88 129 89 132
212 178 220 178
209 162 213 163
15 23 26 23
179 33 188 33
243 93 244 96
38 116 38 126
242 12 243 15
68 64 71 65
181 176 182 179
72 73 75 74
124 88 127 89
190 154 191 158
161 28 162 33
91 121 91 128
28 57 28 66
87 112 87 119
219 166 223 167
114 196 124 196
237 43 246 43
45 193 48 194
232 128 233 132
95 130 95 137
222 0 227 1
89 8 97 8
88 23 93 24
69 146 70 150
221 172 223 175
235 65 245 65
147 114 152 115
232 53 232 61
126 74 129 75
139 0 147 0
207 122 209 125
18 131 26 131
68 83 69 88
56 138 56 148
75 148 79 149
0 133 3 135
2 0 3 4
219 149 221 152
191 180 192 183
122 66 123 70
181 35 184 37
215 112 218 113
186 108 187 112
174 145 174 153
156 161 157 165
20 170 30 170
128 60 131 61
88 100 90 103
49 193 51 196
216 194 217 198
23 116 25 119
117 40 117 48
4 171 4 178
88 82 98 82
9 126 16 126
53 63 55 66
200 34 205 35
53 35 56 36
93 145 94 148
163 144 163 151
197 175 198 178
153 73 153 84
127 135 127 146
179 180 179 187
217 81 218 84
20 68 20 75
32 195 36 196
159 104 164 105
158 165 159 170
126 159 127 162
188 195 191 196
43 90 51 90
132 134 132 142
216 0 217 3
136 69 138 72
7 154 10 155
38 61 41 63
159 173 160 176
26 163 30 164
157 195 159 198
31 18 38 18
122 19 124 22
8 79 9 82
111 167 112 170
104 159 111 159
9 103 9 111
210 142 221 142
76 130 77 133
133 21 133 28
155 93 162 93
24 10 24 21
248 72 249 75
10 39 18 39
80 139 81 142
193 25 204 25
71 40 72 43
13 63 18 64
80 64 80 71
23 173 24 176
117 197 120 199
6 56 7 59
200 84 201 88
179 147 186 147
72 64 72 72
20 188 20 196
44 160 45 163
0 137 8 137
230 152 231 155
1 105 2 108
21 28 24 29
134 140 135 143
80 147 82 150
70 123 74 124
17 115 25 115
236 6 236 15
155 127 156 130
11 15 13 18
147 127 148 131
5 10 16 10
221 88 232 88
12 190 13 193
1 48 1 56
171 163 172 166
46 146 47 149
109 177 114 178
115 0 116 3
192 175 196 176
176 10 187 10
187 95 190 97
165 9 168 10
134 148 136 151
98 90 105 90
73 198 78 199
140 135 141 138
139 193 140 196
54 43 55 47
145 168 145 176
155 107 158 108
8 75 13 76
59 12 60 17
198 6 199 9
90 106 91 109
164 85 175 85
129 152 130 155
196 167 198 170
122 37 122 46
162 61 162 72
66 171 69 172
142 46 142 53
138 180 145 180
227 150 228 153
214 181 215 184
191 48 191 58
182 89 185 90
175 135 176 138
118 143 126 143
168 141 168 149
94 40 94 47
8 73 15 73
213 100 214 103
215 66 215 74
107 13 114 13
53 20 61 20
30 173 30 182
122 178 123 181
78 58 78 68
141 76 142 81
103 194 106 195
81 43 82 48
112 15 115 16
195 41 196 44
213 25 213 32
122 64 126 65
111 54 111 63
9 83 9 94
26 1 34 1
90 86 93 87
57 194 58 197
233 145 234 148
94 9 99 10
243 72 247 73
160 168 164 169
27 33 27 40
1 95 1 102
83 150 84 154
126 116 133 116
218 188 221 190
207 132 207 139
243 80 248 81
79 20 80 25
26 91 26 98
204 101 204 110
102 70 110 70
131 171 136 172
51 23 52 26
185 0 186 3
182 108 183 113
53 79 58 80
12 141 16 142
27 2 32 3
248 100 249 103
136 52 137 55
93 136 94 139
208 129 211 130
142 120 143 125
247 158 248 161
2 100 6 101
210 143 212 146
100 47 108 47
61 140 69 140
126 150 127 153
217 72 218 75
34 25 37 26
103 157 106 158
191 59 191 66
59 49 61 52
170 183 171 188
143 128 144 131
19 43 21 45
235 167 236 172
199 152 200 155
216 130 217 133
76 9 86 9
202 80 203 83
232 191 236 192
36 39 38 42
138 63 142 64
88 79 93 80
40 48 42 51
21 64 25 65
55 134 56 137
180 12 181 15
204 64 204 73
32 12 42 12
5 11 7 14
229 79 232 80
44 178 54 178
70 116 80 116
207 150 210 151
121 178 121 188
218 2 222 3
224 17 226 20
132 31 136 32
198 14 198 22
43 140 48 141
222 193 229 193
69 25 72 26
121 197 124 199
157 2 158 5
33 148 33 156
142 183 142 194
83 58 84 61
81 52 84 53
87 67 88 70
138 140 139 143
125 171 126 174
66 5 66 12
14 129 14 136
123 54 125 57
159 101 167 101
179 188 179 198
227 37 227 46
167 23 170 24
169 54 173 55
198 34 199 37
172 96 173 99
208 139 208 146
186 154 188 157
0 79 0 86
170 90 173 91
150 167 151 170
125 96 125 103
230 12 232 15
25 175 29 176
3 82 4 85
31 4 31 13
69 180 74 181
193 165 193 173
63 133 64 137
115 59 122 59
140 144 141 148
84 120 85 124
151 89 154 90
19 136 20 140
71 12 72 16
13 60 21 60
56 37 59 39
145 159 145 167
177 149 178 152
119 172 124 173
129 38 129 49
19 47 26 47
155 115 155 126
14 92 14 99
119 8 121 11
80 101 82 104
48 148 52 149
225 155 226 158
60 184 60 195
201 177 209 177
52 167 63 167
26 55 27 58
113 175 120 175
212 129 212 137
218 40 218 49
34 73 35 76
15 99 25 99
100 35 101 40
73 15 84 15
52 168 53 173
98 115 99 118
169 110 169 120
4 55 11 55
155 24 155 32
111 66 120 66
192 138 192 149
214 33 215 36
41 149 42 152
207 39 207 47
99 0 99 8
97 198 101 199
101 182 102 185
8 143 10 146
35 5 45 5
3 35 5 37
131 154 135 155
74 188 78 189
111 64 114 65
107 55 110 56
113 70 114 73
6 180 13 180
92 165 92 173
108 119 109 122
195 189 196 193
27 28 34 28
196 93 199 94
151 99 151 106
145 116 153 116
121 124 122 129
185 148 186 152
172 47 176 48
149 151 150 154
221 185 229 185
219 122 220 127
235 17 235 28
112 25 113 30
147 6 150 7
93 191 93 198
185 138 187 141
135 75 143 75
26 51 31 52
51 186 56 187
173 100 173 111
213 118 213 125
174 8 175 11
48 162 56 162
92 46 93 49
184 117 191 117
199 143 200 146
92 185 93 188
115 156 115 165
126 2 127 5
145 150 147 153
79 95 80 99
235 47 235 54
151 137 152 140
207 186 211 187
243 37 244 42
81 90 91 90
46 96 51 97
100 82 101 86
211 195 215 196
172 124 173 127
175 189 175 198
70 185 77 185
237 176 244 176
113 180 115 183
225 10 232 10
151 16 152 20
208 46 208 54
1 85 1 94
59 134 60 137
85 97 89 98
29 73 33 74
197 120 198 123
38 26 39 30
96 174 99 175
222 141 226 142
48 168 51 169
141 21 141 28
72 167 72 174
52 38 55 39
175 34 184 34
246 76 248 79
79 179 80 182
23 155 24 158
151 117 154 118
205 24 209 25
32 140 36 141
208 66 209 69
28 31 28 38
100 166 101 169
211 11 214 12
75 95 75 102
132 169 137 170
165 168 166 172
48 176 52 177
175 32 178 33
149 8 154 9
109 162 110 167
237 192 246 192
121 14 122 17
159 13 159 24
157 75 157 83
34 101 35 104
83 196 85 199
181 65 182 69
1 123 2 128
40 30 41 35
181 186 182 189
184 148 184 159
129 196 133 197
216 102 217 106
202 98 202 105
223 21 224 24
185 38 194 38
156 151 156 160
161 35 166 36
169 167 171 170
0 42 1 47
1 67 4 68
115 139 116 143
75 107 83 107
92 145 92 156
197 108 201 109
152 22 155 23
235 112 235 119
185 64 187 67
6 140 7 143
56 149 59 150
176 178 176 186
106 90 113 90
205 126 209 127
135 27 136 30
40 96 41 99
219 94 219 102
130 50 138 50
189 73 191 76
18 167 19 170
165 177 165 184
97 98 98 103
200 75 200 82
105 5 105 12
64 38 74 38
194 14 197 16
27 23 38 23
215 0 215 11
187 124 187 132
76 108 81 109
93 153 93 162
107 179 115 179
126 131 126 138
44 30 44 37
102 89 110 89
86 79 87 82
71 85 71 94
121 2 125 3
179 143 182 144
20 127 28 127
117 32 117 39
70 125 70 133
191 133 191 141
70 79 71 84
106 140 106 150
206 6 207 9
141 161 142 164
28 145 36 145
86 143 86 150
97 59 97 70
214 24 215 27
56 168 57 173
8 194 15 194
94 115 95 119
186 90 196 90
132 126 132 133
227 18 231 19
211 76 214 77
101 191 102 195
236 125 241 126
132 44 141 44
167 135 168 140
62 145 63 149
89 154 91 157
77 13 82 14
205 128 205 135
192 159 192 166
5 161 6 164
170 45 171 49
206 14 208 17
196 1 197 6
39 117 40 120
78 163 79 166
122 85 122 92
88 165 88 174
192 75 195 76
136 190 139 191
39 181 39 188
150 118 150 129
132 42 135 43
48 2 48 9
9 95 9 102
143 26 144 30
239 0 242 1
116 14 120 15
28 22 38 22
117 78 119 81
153 46 153 57
228 62 232 63
30 86 37 86
135 126 135 137
65 63 67 66
63 196 67 197
231 29 231 36
13 159 16 160
172 21 174 24
213 45 214 48
18 128 21 130
151 6 154 7
99 130 102 131
206 176 213 176
17 10 17 19
233 88 233 97
32 4 33 7
101 136 102 139
24 4 25 8
174 156 175 160
208 119 212 120
173 196 174 199
117 7 125 7
149 178 150 183
89 145 90 150
221 184 230 184
221 81 222 85
100 80 104 81
63 40 65 43
26 111 27 114
228 0 229 3
190 99 190 106
10 83 12 86
51 107 52 110
38 163 42 164
22 184 22 192
57 8 59 11
219 40 220 43
46 156 47 159
111 140 112 143
67 143 68 146
184 28 188 29
48 159 51 160
157 97 165 97
220 64 220 72
20 104 24 105
41 66 42 69
224 110 227 111
119 83 119 90
54 192 55 196
194 77 199 78
204 48 205 51
38 7 40 10
184 11 186 14
17 148 17 159
233 53 234 56
112 184 113 187
225 53 226 57
151 109 152 113
71 132 74 133
66 98 67 103
194 7 195 10
70 0 77 0
70 61 72 63
237 44 246 44
241 89 242 93
104 63 105 68
192 19 195 21
68 48 69 51
94 125 95 128
178 118 180 121
99 94 100 98
175 145 176 148
140 3 140 14
2 18 5 20
82 134 83 139
89 35 90 38
37 159 38 162
103 167 103 175
79 167 79 178
122 188 123 191
128 89 130 92
75 106 84 106
183 42 184 46
119 157 120 162
127 64 127 71
88 157 88 164
184 85 187 86
164 162 165 165
140 51 140 59
30 20 38 20
6 199 13 199
147 45 148 48
95 169 96 172
183 92 190 92
89 15 92 16
38 98 38 109
27 47 34 47
189 53 189 64
153 85 155 88
